<?xml version="1.0" encoding="UTF-8"?>
<testng-results skipped="0" failed="0" total="1" passed="1">
  <reporter-output>
  </reporter-output>
  <suite name="Suite" duration-ms="58556" started-at="2020-04-20T11:49:01Z" finished-at="2020-04-20T11:50:00Z">
    <groups>
    </groups>
    <test name="Test" duration-ms="58556" started-at="2020-04-20T11:49:01Z" finished-at="2020-04-20T11:50:00Z">
      <class name="com.telecom.tests.AddCustomerTest">
        <test-method status="PASS" signature="setUp()[pri:0, instance:com.telecom.tests.AddCustomerTest@3a03464]" name="setUp" is-config="true" duration-ms="23373" started-at="2020-04-20T17:19:02Z" finished-at="2020-04-20T17:19:25Z">
          <reporter-output>
          </reporter-output>
        </test-method> <!-- setUp -->
        <test-method status="PASS" signature="addCustomer()[pri:0, instance:com.telecom.tests.AddCustomerTest@3a03464]" name="addCustomer" duration-ms="35164" started-at="2020-04-20T17:19:25Z" finished-at="2020-04-20T17:20:00Z">
          <reporter-output>
          </reporter-output>
        </test-method> <!-- addCustomer -->
        <test-method status="PASS" signature="wrapUp()[pri:0, instance:com.telecom.tests.AddCustomerTest@3a03464]" name="wrapUp" is-config="true" duration-ms="1" started-at="2020-04-20T17:20:00Z" finished-at="2020-04-20T17:20:00Z">
          <reporter-output>
          </reporter-output>
        </test-method> <!-- wrapUp -->
      </class> <!-- com.telecom.tests.AddCustomerTest -->
    </test> <!-- Test -->
  </suite> <!-- Suite -->
</testng-results>
