<?xml version="1.0" encoding="UTF-8"?>
<testng-results skipped="0" failed="0" total="1" passed="1">
  <reporter-output>
  </reporter-output>
  <suite name="Suite" duration-ms="67822" started-at="2020-04-20T10:14:31Z" finished-at="2020-04-20T10:15:38Z">
    <groups>
    </groups>
    <test name="Test" duration-ms="67822" started-at="2020-04-20T10:14:31Z" finished-at="2020-04-20T10:15:38Z">
      <class name="com.telecom.tests.AddCustomerTest">
        <test-method status="PASS" signature="setUp()[pri:0, instance:com.telecom.tests.AddCustomerTest@1d057a39]" name="setUp" is-config="true" duration-ms="19955" started-at="2020-04-20T15:44:31Z" finished-at="2020-04-20T15:44:51Z">
          <reporter-output>
          </reporter-output>
        </test-method> <!-- setUp -->
        <test-method status="PASS" signature="addCustomer()[pri:0, instance:com.telecom.tests.AddCustomerTest@1d057a39]" name="addCustomer" duration-ms="47850" started-at="2020-04-20T15:44:51Z" finished-at="2020-04-20T15:45:38Z">
          <reporter-output>
          </reporter-output>
        </test-method> <!-- addCustomer -->
        <test-method status="PASS" signature="wrapUp()[pri:0, instance:com.telecom.tests.AddCustomerTest@1d057a39]" name="wrapUp" is-config="true" duration-ms="0" started-at="2020-04-20T15:45:38Z" finished-at="2020-04-20T15:45:38Z">
          <reporter-output>
          </reporter-output>
        </test-method> <!-- wrapUp -->
      </class> <!-- com.telecom.tests.AddCustomerTest -->
    </test> <!-- Test -->
  </suite> <!-- Suite -->
</testng-results>
